<?xml version="1.0" encoding="UTF-8"?>
<robot generator="Robot 6.0.2 (Python 3.10.12 on linux)" generated="20231122 09:09:34.274" rpa="false" schemaversion="3">
<suite id="s1" name="Testcase1" source="/home/jericapf/projects/robotframework-template/frontend_tests/tests/testcase1.robot">
<test id="s1-t1" name="Testcase 1" line="8">
<kw name="Open Application" library="CommonFunction">
<arg>${APPLICATION_URL}</arg>
<kw name="Go To" library="SeleniumLibrary">
<arg>${App_Url}</arg>
<doc>Navigates the current browser window to the provided ``url``.</doc>
<msg timestamp="20231122 09:09:34.387" level="INFO">Opening url 'https://www.webpagetest.org/'</msg>
<msg timestamp="20231122 09:09:34.387" level="INFO">Cannot capture screenshot because no browser is open.</msg>
<msg timestamp="20231122 09:09:34.387" level="FAIL">No browser is open.</msg>
<status status="FAIL" starttime="20231122 09:09:34.387" endtime="20231122 09:09:34.388"/>
</kw>
<kw name="Sleep" library="BuiltIn">
<arg>30</arg>
<doc>Pauses the test executed for the given time.</doc>
<status status="NOT RUN" starttime="20231122 09:09:34.388" endtime="20231122 09:09:34.388"/>
</kw>
<status status="FAIL" starttime="20231122 09:09:34.387" endtime="20231122 09:09:34.388"/>
</kw>
<status status="FAIL" starttime="20231122 09:09:34.386" endtime="20231122 09:09:34.388">No browser is open.</status>
</test>
<status status="FAIL" starttime="20231122 09:09:34.274" endtime="20231122 09:09:34.389"/>
</suite>
<statistics>
<total>
<stat pass="0" fail="1" skip="0">All Tests</stat>
</total>
<tag>
</tag>
<suite>
<stat pass="0" fail="1" skip="0" id="s1" name="Testcase1">Testcase1</stat>
</suite>
</statistics>
<errors>
</errors>
</robot>
